<?xml version="1.0" encoding="UTF-8"?>
<!-- Generated by org.testng.reporters.JUnitXMLReporter -->
<testsuite ignored="0" hostname="DESKTOP-0V34456" failures="0" tests="5" name="Default test" time="33.904" errors="0" timestamp="20 Feb 2023 10:18:22 GMT">
  <testcase classname="com.invicta.qa.testcases.sbu.AddSbuUITest" name="Menu" time="8.059"/>
  <testcase classname="com.invicta.qa.testcases.sbu.AddSbuUITest" name="addsbubutton" time="2.8"/>
  <testcase classname="com.invicta.qa.testcases.sbu.AddSbuUITest" name="addsbumodel" time="20.524"/>
  <testcase classname="com.invicta.qa.testcases.sbu.AddSbuUITest" name="addsbumodelsavebutton" time="0.397"/>
  <testcase classname="com.invicta.qa.testcases.sbu.AddSbuUITest" name="checkLastAddvalue" time="2.058"/>
</testsuite> <!-- Default test -->
